<?xml version="1.0" encoding="UTF-8"?>
<testng-results skipped="0" failed="0" ignored="0" total="1" passed="1">
  <reporter-output>
  </reporter-output>
  <suite name="Default suite" duration-ms="18895" started-at="2018-06-09T03:54:35Z" finished-at="2018-06-09T03:54:54Z">
    <groups>
    </groups>
    <test name="Default test" duration-ms="18895" started-at="2018-06-09T03:54:35Z" finished-at="2018-06-09T03:54:54Z">
      <class name="scripts.JavascriptExecutorDemo">
        <test-method status="PASS" signature="openApplication()[pri:0, instance:scripts.JavascriptExecutorDemo@2a5ca609]" name="openApplication" is-config="true" duration-ms="18596" started-at="2018-06-09T09:24:35Z" finished-at="2018-06-09T09:24:54Z">
          <reporter-output>
          </reporter-output>
        </test-method> <!-- openApplication -->
        <test-method status="PASS" signature="executeJavaScript()[pri:0, instance:scripts.JavascriptExecutorDemo@2a5ca609]" name="executeJavaScript" duration-ms="70" started-at="2018-06-09T09:24:54Z" finished-at="2018-06-09T09:24:54Z">
          <reporter-output>
          </reporter-output>
        </test-method> <!-- executeJavaScript -->
        <test-method status="PASS" signature="closeApplication(org.testng.ITestResult)[pri:0, instance:scripts.JavascriptExecutorDemo@2a5ca609]" name="closeApplication" is-config="true" duration-ms="153" started-at="2018-06-09T09:24:54Z" finished-at="2018-06-09T09:24:54Z">
          <params>
            <param index="0">
              <value>
                <![CDATA[[TestResult name=executeJavaScript status=SUCCESS method=JavascriptExecutorDemo.executeJavaScript()[pri:0, instance:scripts.JavascriptExecutorDemo@2a5ca609] output={null}]]]>
              </value>
            </param>
          </params>
          <reporter-output>
          </reporter-output>
        </test-method> <!-- closeApplication -->
      </class> <!-- scripts.JavascriptExecutorDemo -->
    </test> <!-- Default test -->
  </suite> <!-- Default suite -->
</testng-results>
